  tuklib_cpucores.c
  tuklib_physmem.c
C:\cpython\externals\xz-5.2.2\src\common\tuklib_physmem.c(82,7): warning C4996: 'GetVersion': se declaró desusado
C:\cpython\externals\xz-5.2.2\src\common\tuklib_physmem.c(89,1): warning C4113: 'FARPROC' es distinto en las listas de parámetros de 'BOOL (__cdecl *)(LPMEMORYSTATUSEX)'
C:\cpython\externals\xz-5.2.2\src\common\tuklib_physmem.c(89,1): warning C4133: 'inicializando': tipos incompatibles, de 'FARPROC' a 'BOOL (__cdecl *)(LPMEMORYSTATUSEX)'
  check.c
  crc32_fast.c
  crc32_table.c
  crc64_fast.c
C:\cpython\externals\xz-5.2.2\src\liblzma\check\crc64_fast.c(52,29): warning C4244: 'inicializando': conversión de 'uint64_t' a 'const uint32_t'; posible pérdida de datos
  crc64_table.c
  sha256.c
  alone_decoder.c
C:\cpython\externals\xz-5.2.2\src\liblzma\lz\lz_decoder.h(133,18): warning C4267: 'inicializando': conversión de 'size_t' a 'uint32_t'; posible pérdida de datos
C:\cpython\externals\xz-5.2.2\src\liblzma\lz\lz_decoder.h(160,32): warning C4267: 'inicializando': conversión de 'size_t' a 'const uint32_t'; posible pérdida de datos
C:\cpython\externals\xz-5.2.2\src\liblzma\lz\lz_decoder.h(161,35): warning C4267: 'inicializando': conversión de 'size_t' a 'uint32_t'; posible pérdida de datos
  alone_encoder.c
  auto_decoder.c
  block_buffer_decoder.c
  block_buffer_encoder.c
C:\cpython\externals\xz-5.2.2\src\liblzma\common\block_buffer_encoder.c(147,39): warning C4267: '=': conversión de 'size_t' a 'uint8_t'; posible pérdida de datos
  block_decoder.c
  block_encoder.c
  block_header_decoder.c
  block_header_encoder.c
C:\cpython\externals\xz-5.2.2\src\liblzma\common\block_header_encoder.c(85,20): warning C4267: '=': conversión de 'size_t' a 'uint8_t'; posible pérdida de datos
  block_util.c
  common.c
  easy_buffer_encoder.c
  Generando código...
  Compilando...
  easy_decoder_memusage.c
  easy_encoder.c
  easy_encoder_memusage.c
  easy_preset.c
  filter_buffer_decoder.c
  filter_buffer_encoder.c
  filter_common.c
  filter_decoder.c
  filter_encoder.c
  filter_flags_decoder.c
  filter_flags_encoder.c
  hardware_cputhreads.c
  hardware_physmem.c
  index.c
  index_decoder.c
  index_encoder.c
  index_hash.c
  outqueue.c
  stream_buffer_decoder.c
  stream_buffer_encoder.c
  Generando código...
  Compilando...
  stream_decoder.c
  stream_encoder.c
  stream_encoder_mt.c
  stream_flags_common.c
  stream_flags_decoder.c
  stream_flags_encoder.c
  vli_decoder.c
  vli_encoder.c
  vli_size.c
  delta_common.c
  delta_decoder.c
  delta_encoder.c
  fastpos_table.c
  lzma2_decoder.c
C:\cpython\externals\xz-5.2.2\src\liblzma\lz\lz_decoder.h(133,18): warning C4267: 'inicializando': conversión de 'size_t' a 'uint32_t'; posible pérdida de datos
C:\cpython\externals\xz-5.2.2\src\liblzma\lz\lz_decoder.h(160,32): warning C4267: 'inicializando': conversión de 'size_t' a 'const uint32_t'; posible pérdida de datos
C:\cpython\externals\xz-5.2.2\src\liblzma\lz\lz_decoder.h(161,35): warning C4267: 'inicializando': conversión de 'size_t' a 'uint32_t'; posible pérdida de datos
  lzma2_encoder.c
C:\cpython\externals\xz-5.2.2\src\liblzma\lzma\lzma2_encoder.c(85,28): warning C4267: '+=': conversión de 'size_t' a 'uint8_t'; posible pérdida de datos
C:\cpython\externals\xz-5.2.2\src\liblzma\lzma\lzma2_encoder.c(91,27): warning C4267: '=': conversión de 'size_t' a 'uint8_t'; posible pérdida de datos
C:\cpython\externals\xz-5.2.2\src\liblzma\lzma\lzma2_encoder.c(126,49): warning C4267: '=': conversión de 'size_t' a 'uint8_t'; posible pérdida de datos
C:\cpython\externals\xz-5.2.2\src\liblzma\lzma\lzma2_encoder.c(168,5): warning C4267: 'inicializando': conversión de 'size_t' a 'const uint32_t'; posible pérdida de datos
  lzma_decoder.c
C:\cpython\externals\xz-5.2.2\src\liblzma\lz\lz_decoder.h(133,18): warning C4267: 'inicializando': conversión de 'size_t' a 'uint32_t'; posible pérdida de datos
C:\cpython\externals\xz-5.2.2\src\liblzma\lz\lz_decoder.h(160,32): warning C4267: 'inicializando': conversión de 'size_t' a 'const uint32_t'; posible pérdida de datos
C:\cpython\externals\xz-5.2.2\src\liblzma\lz\lz_decoder.h(161,35): warning C4267: 'inicializando': conversión de 'size_t' a 'uint32_t'; posible pérdida de datos
  lzma_encoder.c
  lzma_encoder_optimum_fast.c
  lzma_encoder_optimum_normal.c
  lzma_encoder_presets.c
  Generando código...
  Compilando...
  lz_decoder.c
C:\cpython\externals\xz-5.2.2\src\liblzma\lz\lz_decoder.h(133,18): warning C4267: 'inicializando': conversión de 'size_t' a 'uint32_t'; posible pérdida de datos
C:\cpython\externals\xz-5.2.2\src\liblzma\lz\lz_decoder.h(160,32): warning C4267: 'inicializando': conversión de 'size_t' a 'const uint32_t'; posible pérdida de datos
C:\cpython\externals\xz-5.2.2\src\liblzma\lz\lz_decoder.h(161,35): warning C4267: 'inicializando': conversión de 'size_t' a 'uint32_t'; posible pérdida de datos
  lz_encoder.c
C:\cpython\externals\xz-5.2.2\src\liblzma\lz\lz_encoder.c(111,24): warning C4267: '=': conversión de 'size_t' a 'uint32_t'; posible pérdida de datos
C:\cpython\externals\xz-5.2.2\src\liblzma\lz\lz_encoder.c(203,49): warning C4267: '=': conversión de 'size_t' a 'uint32_t'; posible pérdida de datos
C:\cpython\externals\xz-5.2.2\src\liblzma\lz\lz_encoder.c(206,4): warning C4267: '=': conversión de 'size_t' a 'uint32_t'; posible pérdida de datos
C:\cpython\externals\xz-5.2.2\src\liblzma\lz\lz_encoder.c(224,34): warning C4267: '+=': conversión de 'size_t' a 'uint32_t'; posible pérdida de datos
C:\cpython\externals\xz-5.2.2\src\liblzma\lz\lz_encoder.c(237,32): warning C4267: '=': conversión de 'size_t' a 'uint32_t'; posible pérdida de datos
C:\cpython\externals\xz-5.2.2\src\liblzma\lz\lz_encoder.c(238,27): warning C4267: '=': conversión de 'size_t' a 'uint32_t'; posible pérdida de datos
C:\cpython\externals\xz-5.2.2\src\liblzma\lz\lz_encoder.c(255,42): warning C4267: '=': conversión de 'size_t' a 'uint32_t'; posible pérdida de datos
C:\cpython\externals\xz-5.2.2\src\liblzma\lz\lz_encoder.c(308,30): warning C4267: '=': conversión de 'size_t' a 'uint32_t'; posible pérdida de datos
C:\cpython\externals\xz-5.2.2\src\liblzma\lz\lz_encoder.c(219,43): warning C4267: 'inicializando': conversión de 'size_t' a 'uint32_t'; posible pérdida de datos
  lz_encoder_mf.c
C:\cpython\externals\xz-5.2.2\src\liblzma\lz\lz_encoder_mf.c(333,2): warning C4244: '=': conversión de '__int64' a 'uint32_t'; posible pérdida de datos
C:\cpython\externals\xz-5.2.2\src\liblzma\lz\lz_encoder_mf.c(412,2): warning C4244: '=': conversión de '__int64' a 'uint32_t'; posible pérdida de datos
C:\cpython\externals\xz-5.2.2\src\liblzma\lz\lz_encoder_mf.c(596,2): warning C4244: '=': conversión de '__int64' a 'uint32_t'; posible pérdida de datos
C:\cpython\externals\xz-5.2.2\src\liblzma\lz\lz_encoder_mf.c(648,2): warning C4244: '=': conversión de '__int64' a 'uint32_t'; posible pérdida de datos
C:\cpython\externals\xz-5.2.2\src\liblzma\lz\lz_encoder_mf.c(721,2): warning C4244: '=': conversión de '__int64' a 'uint32_t'; posible pérdida de datos
  price_table.c
  arm.c
  armthumb.c
  ia64.c
  powerpc.c
  simple_coder.c
C:\cpython\externals\xz-5.2.2\src\liblzma\simple\simple_coder.c(63,20): warning C4267: '+=': conversión de 'size_t' a 'uint32_t'; posible pérdida de datos
  simple_decoder.c
  simple_encoder.c
  sparc.c
  x86.c
  Generando código...
  liblzma.vcxproj -> C:\cpython\externals\xz-5.2.2\windows\ReleaseMT\x64\liblzma\liblzma.lib
